<?xml version="1.0" encoding="UTF-8"?>
<testsuite xmlns:xsi="http://www.w3.org/2001/XMLSchema-instance" xsi:noNamespaceSchemaLocation="https://maven.apache.org/surefire/maven-surefire-plugin/xsd/surefire-test-report.xsd" name="com.ayoub.produits.ProduitsApplicationTests" time="7.515" tests="5" errors="2" skipped="0" failures="0">
  <properties>
[...]
</properties>
  <testcase name="testCreateProduit" classname="com.ayoub.produits.ProduitsApplicationTests" time="0.394"/>
  <testcase name="testFindProduit" classname="com.ayoub.produits.ProduitsApplicationTests" time="0.076">
    <error message="No value present" type="java.util.NoSuchElementException">java.util.NoSuchElementException: No value present
	at com.ayoub.produits.ProduitsApplicationTests.testFindProduit(ProduitsApplicationTests.java:23)
</error>
    <system-out><![CDATA[Hibernate: select p1_0.id_produit,p1_0.date_creation,p1_0.nom_produit,p1_0.prix_produit from produit p1_0 where p1_0.id_produit=?
]]></system-out>
  </testcase>
  <testcase name="testUpdateProduit" classname="com.ayoub.produits.ProduitsApplicationTests" time="0.008">
    <error message="No value present" type="java.util.NoSuchElementException">java.util.NoSuchElementException: No value present
	at com.ayoub.produits.ProduitsApplicationTests.testUpdateProduit(ProduitsApplicationTests.java:29)
</error>
    <system-out><![CDATA[Hibernate: select p1_0.id_produit,p1_0.date_creation,p1_0.nom_produit,p1_0.prix_produit from produit p1_0 where p1_0.id_produit=?
]]></system-out>
  </testcase>
  <testcase name="testListerTousProduits" classname="com.ayoub.produits.ProduitsApplicationTests" time="0.168"/>
  <testcase name="testDeleteProduit" classname="com.ayoub.produits.ProduitsApplicationTests" time="0.008"/>
</testsuite>